make all --print-data-base --no-builtin-variables --no-builtin-rules --question
make: *** No rule to make target 'all'.  Stop.

# GNU Make 4.2.1
# Built for x86_64-pc-linux-gnu
# Copyright (C) 1988-2016 Free Software Foundation, Inc.
# License GPLv3+: GNU GPL version 3 or later <http://gnu.org/licenses/gpl.html>
# This is free software: you are free to change and redistribute it.
# There is NO WARRANTY, to the extent permitted by law.

# Make data base, printed on Wed Aug 10 13:11:51 2022

# Variables

# 'override' directive
GNUMAKEFLAGS := 
# automatic
<D = $(patsubst %/,%,$(dir $<))
# automatic
?F = $(notdir $?)
# environment
DESKTOP_SESSION = ubuntu
# default
.SHELLFLAGS := -c
# environment
XDG_SESSION_CLASS = user
# environment
XDG_SESSION_TYPE = x11
# environment
VSCODE_LOG_NATIVE = false
# automatic
?D = $(patsubst %/,%,$(dir $?))
# environment
IM_CONFIG_PHASE = 1
# automatic
@D = $(patsubst %/,%,$(dir $@))
# environment
XAUTHORITY = /run/user/1000/gdm/Xauthority
# environment
GDMSESSION = ubuntu
# environment
XMODIFIERS = @im=ibus
# makefile
CURDIR := /home/mariia/go/src/microservice-todo-project
# makefile
SHELL = /bin/sh
# environment
VSCODE_NLS_CONFIG = {"locale":"en-us","availableLanguages":{},"_languagePackSupport":true}
# environment
_ = /usr/share/code/code
# environment
JOURNAL_STREAM = 8:36131
# environment
XDG_CONFIG_DIRS = /etc/xdg/xdg-ubuntu:/etc/xdg
# makefile
MAKEFILE_LIST := 
# automatic
@F = $(notdir $@)
# environment
GIO_LAUNCHED_DESKTOP_FILE = /usr/share/applications/code.desktop
# environment
GO111MODULE = auto
# environment
USERNAME = mariia
# environment
MAKELEVEL := 0
# environment
XDG_DATA_DIRS = /usr/share/ubuntu:/usr/local/share/:/usr/share/:/var/lib/snapd/desktop
# environment
VSCODE_AMD_ENTRYPOINT = vs/workbench/api/node/extensionHostProcess
# environment
DBUS_SESSION_BUS_ADDRESS = unix:path=/run/user/1000/bus
# environment
VSCODE_VERBOSE_LOGGING = true
# environment
MANAGERPID = 1741
# environment
LESSOPEN = | /usr/bin/lesspipe %s
# environment
LC_NAME = uk_UA.UTF-8
# environment
VSCODE_CWD = /home/mariia
# environment
GOPROXY = https://proxy.golang.org,direct
# default
MAKE_HOST := x86_64-pc-linux-gnu
# environment
PATH = /home/mariia/.local/bin:/home/mariia/.local/bin:/usr/local/sbin:/usr/local/bin:/usr/sbin:/usr/bin:/sbin:/bin:/usr/games:/usr/local/games:/snap/bin:/usr/local/go/bin
# environment
GPG_AGENT_INFO = /run/user/1000/gnupg/S.gpg-agent:0:1
# environment
GJS_DEBUG_OUTPUT = stderr
# environment
SESSION_MANAGER = local/mariia-VirtualBox:@/tmp/.ICE-unix/1996,unix/mariia-VirtualBox:/tmp/.ICE-unix/1996
# environment
XDG_RUNTIME_DIR = /run/user/1000
# environment
GOPATH = /home/mariia/go
# environment
XDG_MENU_PREFIX = gnome-
# environment
VSCODE_LOG_STACK = false
# environment
ELECTRON_RUN_AS_NODE = 1
# environment
INVOCATION_ID = 8d473897e222484898a67116d0e96b85
# default
.FEATURES := target-specific order-only second-expansion else-if shortest-stem undefine oneshell archives jobserver output-sync check-symlink load
# environment
LS_COLORS = 
# environment
XDG_SESSION_DESKTOP = ubuntu
# environment
SSH_AUTH_SOCK = /run/user/1000/keyring/ssh
# environment
GIO_LAUNCHED_DESKTOP_FILE_PID = 4468
# automatic
%F = $(notdir $%)
# environment
DISPLAY = :0
# environment
VSCODE_PIPE_LOGGING = true
# environment
PWD = /home/mariia/go/src/microservice-todo-project
# default
.LOADED := 
# environment
SSH_AGENT_PID = 1943
# environment
ORIGINAL_XDG_CURRENT_DESKTOP = ubuntu:GNOME
# environment
GTK_MODULES = gail:atk-bridge
# environment
GOMODCACHE = /home/mariia/go/pkg/mod
# environment
HOME = /home/mariia
# environment
LESSCLOSE = /usr/bin/lesspipe %s %s
# environment
VSCODE_CODE_CACHE_PATH = /home/mariia/.config/Code/CachedData/30d9c6cd9483b2cc586687151bcbcd635f373630
# environment
LOGNAME = mariia
# environment
APPLICATION_INSIGHTS_NO_DIAGNOSTIC_CHANNEL = 1
# automatic
+F = $(notdir $+)
# environment
VSCODE_HANDLES_UNCAUGHT_ERRORS = true
# environment
GNOME_DESKTOP_SESSION_ID = this-is-deprecated
# automatic
^D = $(patsubst %/,%,$(dir $^))
# environment
LC_TIME = uk_UA.UTF-8
# default
MAKE = $(MAKE_COMMAND)
# default
MAKECMDGOALS := all
# environment
QT_IM_MODULE = ibus
# environment
SHLVL = 0
# environment
GNOME_SHELL_SESSION_MODE = ubuntu
# environment
VSCODE_IPC_HOOK_EXTHOST = /run/user/1000/vscode-ipc-2bb0dd16-0728-4a4d-bbb8-196d6e9e4a92.sock
# default
MAKE_VERSION := 4.2.1
# environment
USER = mariia
# environment
LC_MONETARY = uk_UA.UTF-8
# makefile
.DEFAULT_GOAL := 
# environment
XDG_CURRENT_DESKTOP = Unity
# automatic
%D = $(patsubst %/,%,$(dir $%))
# environment
LC_TELEPHONE = uk_UA.UTF-8
# default
MAKE_COMMAND := make
# default
.VARIABLES := 
# automatic
*F = $(notdir $*)
# environment
VSCODE_IPC_HOOK = /run/user/1000/vscode-37bae748-1.68.1-main.sock
# makefile
MAKEFLAGS = pqrR
# environment
MFLAGS = -pqrR
# automatic
*D = $(patsubst %/,%,$(dir $*))
# automatic
+D = $(patsubst %/,%,$(dir $+))
# environment
GDK_BACKEND = x11
# environment
LC_PAPER = uk_UA.UTF-8
# environment
QT_ACCESSIBILITY = 1
# default
MAKEFILES := 
# environment
LC_NUMERIC = uk_UA.UTF-8
# automatic
<F = $(notdir $<)
# environment
LC_MEASUREMENT = uk_UA.UTF-8
# environment
LC_ALL = C
# environment
GJS_DEBUG_TOPICS = JS ERROR;JS LOG
# automatic
^F = $(notdir $^)
# default
SUFFIXES := 
# environment
CHROME_DESKTOP = code-url-handler.desktop
# environment
WINDOWPATH = 2
# default
.INCLUDE_DIRS = /usr/include /usr/local/include /usr/include
# environment
LC_IDENTIFICATION = uk_UA.UTF-8
# default
.RECIPEPREFIX := 
# environment
LC_ADDRESS = uk_UA.UTF-8
# environment
LANG = C
# environment
VSCODE_PID = 4468
# variable set hash-table stats:
# Load=110/1024=11%, Rehash=0, Collisions=19/132=14%

# Pattern-specific Variable Values

# No pattern-specific variable values.

# Directories

# . (device 2053, inode 1199433): 11 files, no impossibilities.

# 11 files, no impossibilities in 1 directories.

# Implicit Rules

# No implicit rules.

# Files

# Not a target:
all:
#  Command line target.
#  Implicit rule search has been done.
#  File does not exist.
#  File has not been updated.

# Not a target:
Makefile:
#  Implicit rule search has been done.
#  File does not exist.
#  File has been updated.
#  Failed to be updated.

# Not a target:
makefile:
#  Implicit rule search has been done.
#  File does not exist.
#  File has been updated.
#  Failed to be updated.

# Not a target:
.DEFAULT:
#  Implicit rule search has not been done.
#  Modification time never checked.
#  File has not been updated.

# Not a target:
GNUmakefile:
#  Implicit rule search has been done.
#  File does not exist.
#  File has been updated.
#  Failed to be updated.

# files hash-table stats:
 
# Load=6/1024=1%, Rehash=0, Collisions=0/15=0%
# VPATH Search Paths

# No 'vpath' search paths.

# No general ('VPATH' variable) search path.

# strcache buffers: 1 (0) / strings = 19 / storage = 180 B / avg = 9 B
# current buf: size = 8162 B / used = 180 B / count = 19 / avg = 9 B

# strcache performance: lookups = 22 / hit rate = 13%
# hash-table stats:
# Load=19/8192=0%, Rehash=0, Collisions=1/22=5%
# Finished Make data base on Wed Aug 10 13:11:51 2022

 
